C:\USERS\ARI\DOCUMENTS\VISUAL STUDIO 2010\PROJECTS\TERRAIN\DEBUG\TERRAIN.EXE
C:\USERS\ARI\DOCUMENTS\VISUAL STUDIO 2010\PROJECTS\TERRAIN\DEBUG\TERRAIN.ILK
C:\USERS\ARI\DOCUMENTS\VISUAL STUDIO 2010\PROJECTS\TERRAIN\DEBUG\TERRAIN.PDB
c:\Users\Ari\documents\visual studio 2010\Projects\terrain\terrain\Debug\cl.command.1.tlog
c:\Users\Ari\documents\visual studio 2010\Projects\terrain\terrain\Debug\CL.read.1.tlog
c:\Users\Ari\documents\visual studio 2010\Projects\terrain\terrain\Debug\CL.write.1.tlog
C:\USERS\ARI\DOCUMENTS\VISUAL STUDIO 2010\PROJECTS\TERRAIN\TERRAIN\DEBUG\IMAGELOADER.OBJ
c:\Users\Ari\documents\visual studio 2010\Projects\terrain\terrain\Debug\link.4940.read.1.tlog
c:\Users\Ari\documents\visual studio 2010\Projects\terrain\terrain\Debug\link.4940.write.1.tlog
c:\Users\Ari\documents\visual studio 2010\Projects\terrain\terrain\Debug\link.4940-cvtres.read.1.tlog
c:\Users\Ari\documents\visual studio 2010\Projects\terrain\terrain\Debug\link.4940-cvtres.write.1.tlog
c:\Users\Ari\documents\visual studio 2010\Projects\terrain\terrain\Debug\link.command.1.tlog
c:\Users\Ari\documents\visual studio 2010\Projects\terrain\terrain\Debug\link.read.1.tlog
c:\Users\Ari\documents\visual studio 2010\Projects\terrain\terrain\Debug\link.write.1.tlog
c:\Users\Ari\documents\visual studio 2010\Projects\terrain\terrain\Debug\link-cvtres.read.1.tlog
c:\Users\Ari\documents\visual studio 2010\Projects\terrain\terrain\Debug\link-cvtres.write.1.tlog
c:\Users\Ari\documents\visual studio 2010\Projects\terrain\terrain\Debug\mt.command.1.tlog
c:\Users\Ari\documents\visual studio 2010\Projects\terrain\terrain\Debug\mt.read.1.tlog
c:\Users\Ari\documents\visual studio 2010\Projects\terrain\terrain\Debug\mt.write.1.tlog
c:\Users\Ari\documents\visual studio 2010\Projects\terrain\terrain\Debug\rc.command.1.tlog
c:\Users\Ari\documents\visual studio 2010\Projects\terrain\terrain\Debug\rc.read.1.tlog
c:\Users\Ari\documents\visual studio 2010\Projects\terrain\terrain\Debug\rc.write.1.tlog
C:\USERS\ARI\DOCUMENTS\VISUAL STUDIO 2010\PROJECTS\TERRAIN\TERRAIN\DEBUG\STDAFX.OBJ
C:\USERS\ARI\DOCUMENTS\VISUAL STUDIO 2010\PROJECTS\TERRAIN\TERRAIN\DEBUG\TERRAIN.EXE.EMBED.MANIFEST
C:\USERS\ARI\DOCUMENTS\VISUAL STUDIO 2010\PROJECTS\TERRAIN\TERRAIN\DEBUG\TERRAIN.EXE.EMBED.MANIFEST.RES
C:\USERS\ARI\DOCUMENTS\VISUAL STUDIO 2010\PROJECTS\TERRAIN\TERRAIN\DEBUG\TERRAIN.EXE.INTERMEDIATE.MANIFEST
C:\USERS\ARI\DOCUMENTS\VISUAL STUDIO 2010\PROJECTS\TERRAIN\TERRAIN\DEBUG\TERRAIN.OBJ
C:\USERS\ARI\DOCUMENTS\VISUAL STUDIO 2010\PROJECTS\TERRAIN\TERRAIN\DEBUG\TERRAIN.PCH
c:\Users\Ari\documents\visual studio 2010\Projects\terrain\terrain\Debug\terrain_manifest.rc
c:\Users\Ari\documents\visual studio 2010\Projects\terrain\terrain\Debug\vc100.idb
C:\USERS\ARI\DOCUMENTS\VISUAL STUDIO 2010\PROJECTS\TERRAIN\TERRAIN\DEBUG\VC100.PDB
C:\USERS\ARI\DOCUMENTS\VISUAL STUDIO 2010\PROJECTS\TERRAIN\TERRAIN\DEBUG\VEC3F.OBJ
