Build started 6/19/2012 2:16:32 AM.
     1>Project "C:\Users\user\Documents\Visual Studio 2010\Projects\terrain\terrain\terrain.vcxproj" on node 2 (build target(s)).
     1>InitializeBuildStatus:
         Touching "Debug\TamanBermain.unsuccessfulbuild".
       ClCompile:
         All outputs are up-to-date.
         C:\Program Files\Microsoft Visual Studio 10.0\VC\bin\CL.exe /c /ZI /nologo /W3 /WX- /Od /Oy- /D WIN32 /D _DEBUG /D _CONSOLE /D _UNICODE /D UNICODE /Gm /EHsc /RTC1 /MDd /GS /fp:precise /Zc:wchar_t /Zc:forScope /Yu"StdAfx.h" /Fp"Debug\TamanBermain.pch" /Fo"Debug\\" /Fd"Debug\vc100.pdb" /Gd /TP /analyze- /errorReport:prompt imageloader.cpp vec3f.cpp
         vec3f.cpp
         imageloader.cpp
         Generating Code...
       ManifestResourceCompile:
         C:\Program Files\Microsoft SDKs\Windows\v7.0A\bin\rc.exe /nologo /fo"Debug\TamanBermain.exe.embed.manifest.res" Debug\TamanBermain_manifest.rc 
       Link:
         C:\Program Files\Microsoft Visual Studio 10.0\VC\bin\link.exe /ERRORREPORT:PROMPT /OUT:"C:\Users\user\Documents\Visual Studio 2010\Projects\terrain\Debug\TamanBermain.exe" /INCREMENTAL /NOLOGO kernel32.lib user32.lib gdi32.lib winspool.lib comdlg32.lib advapi32.lib shell32.lib ole32.lib oleaut32.lib uuid.lib odbc32.lib odbccp32.lib /MANIFEST /ManifestFile:"Debug\TamanBermain.exe.intermediate.manifest" /MANIFESTUAC:"level='asInvoker' uiAccess='false'" /DEBUG /PDB:"C:\Users\user\Documents\Visual Studio 2010\Projects\terrain\Debug\TamanBermain.pdb" /SUBSYSTEM:CONSOLE /TLBID:1 /DYNAMICBASE /NXCOMPAT /IMPLIB:"C:\Users\user\Documents\Visual Studio 2010\Projects\terrain\Debug\TamanBermain.lib" /MACHINE:X86 Debug\TamanBermain.exe.embed.manifest.res
         Debug\imageloader.obj
         Debug\stdafx.obj
         Debug\TamanBermain.obj
         Debug\vec3f.obj
       Manifest:
         C:\Program Files\Microsoft SDKs\Windows\v7.0A\bin\mt.exe /nologo /verbose /out:"Debug\TamanBermain.exe.embed.manifest" /manifest Debug\TamanBermain.exe.intermediate.manifest
         C:\Program Files\Microsoft SDKs\Windows\v7.0A\bin\rc.exe /nologo /fo"Debug\TamanBermain.exe.embed.manifest.res" Debug\TamanBermain_manifest.rc 
       LinkEmbedManifest:
         C:\Program Files\Microsoft Visual Studio 10.0\VC\bin\link.exe /ERRORREPORT:PROMPT /OUT:"C:\Users\user\Documents\Visual Studio 2010\Projects\terrain\Debug\TamanBermain.exe" /INCREMENTAL /NOLOGO kernel32.lib user32.lib gdi32.lib winspool.lib comdlg32.lib advapi32.lib shell32.lib ole32.lib oleaut32.lib uuid.lib odbc32.lib odbccp32.lib /MANIFEST /ManifestFile:"Debug\TamanBermain.exe.intermediate.manifest" /MANIFESTUAC:"level='asInvoker' uiAccess='false'" /DEBUG /PDB:"C:\Users\user\Documents\Visual Studio 2010\Projects\terrain\Debug\TamanBermain.pdb" /SUBSYSTEM:CONSOLE /TLBID:1 /DYNAMICBASE /NXCOMPAT /IMPLIB:"C:\Users\user\Documents\Visual Studio 2010\Projects\terrain\Debug\TamanBermain.lib" /MACHINE:X86 Debug\TamanBermain.exe.embed.manifest.res
         Debug\imageloader.obj
         Debug\stdafx.obj
         Debug\TamanBermain.obj
         Debug\vec3f.obj
         terrain.vcxproj -> C:\Users\user\Documents\Visual Studio 2010\Projects\terrain\Debug\TamanBermain.exe
       FinalizeBuildStatus:
         Deleting file "Debug\TamanBermain.unsuccessfulbuild".
         Touching "Debug\TamanBermain.lastbuildstate".
     1>Done Building Project "C:\Users\user\Documents\Visual Studio 2010\Projects\terrain\terrain\terrain.vcxproj" (build target(s)).

Build succeeded.

Time Elapsed 00:00:06.31
